<?xml version="1.0" encoding="UTF-8"?>
<testng-results skipped="0" failed="0" ignored="0" total="8" passed="8">
  <reporter-output>
  </reporter-output>
  <suite name="Default suite" duration-ms="285083" started-at="2021-08-17T09:28:01 IST" finished-at="2021-08-17T09:32:47 IST">
    <groups>
    </groups>
    <test name="Default test" duration-ms="285083" started-at="2021-08-17T09:28:01 IST" finished-at="2021-08-17T09:32:47 IST">
      <class name="goibibo_login.RoundWay">
        <test-method status="PASS" signature="beforeMethod()[pri:0, instance:goibibo_login.RoundWay@7403c468]" name="beforeMethod" is-config="true" duration-ms="2421" started-at="2021-08-17T09:28:02 IST" finished-at="2021-08-17T09:28:04 IST">
          <reporter-output>
          </reporter-output>
        </test-method> <!-- beforeMethod -->
        <test-method status="PASS" signature="LoginTest(java.lang.String, java.lang.String)[pri:0, instance:goibibo_login.RoundWay@7403c468]" name="LoginTest" duration-ms="28504" started-at="2021-08-17T09:28:04 IST" data-provider="dp1" finished-at="2021-08-17T09:28:33 IST">
          <params>
            <param index="0">
              <value>
                <![CDATA[1]]>
              </value>
            </param>
            <param index="1">
              <value>
                <![CDATA[9833896679]]>
              </value>
            </param>
          </params>
          <reporter-output>
          </reporter-output>
        </test-method> <!-- LoginTest -->
        <test-method status="PASS" signature="afterMethod()[pri:0, instance:goibibo_login.RoundWay@7403c468]" name="afterMethod" is-config="true" duration-ms="977" started-at="2021-08-17T09:28:33 IST" finished-at="2021-08-17T09:28:34 IST">
          <reporter-output>
          </reporter-output>
        </test-method> <!-- afterMethod -->
        <test-method status="PASS" signature="beforeMethod()[pri:0, instance:goibibo_login.RoundWay@7403c468]" name="beforeMethod" is-config="true" duration-ms="1457" started-at="2021-08-17T09:28:34 IST" finished-at="2021-08-17T09:28:35 IST">
          <reporter-output>
          </reporter-output>
        </test-method> <!-- beforeMethod -->
        <test-method status="PASS" signature="LoginTest(java.lang.String, java.lang.String)[pri:0, instance:goibibo_login.RoundWay@7403c468]" name="LoginTest" duration-ms="3241" started-at="2021-08-17T09:28:35 IST" data-provider="dp1" finished-at="2021-08-17T09:28:39 IST">
          <params>
            <param index="0">
              <value>
                <![CDATA[2]]>
              </value>
            </param>
            <param index="1">
              <value>
                <![CDATA[1234]]>
              </value>
            </param>
          </params>
          <reporter-output>
          </reporter-output>
        </test-method> <!-- LoginTest -->
        <test-method status="PASS" signature="afterMethod()[pri:0, instance:goibibo_login.RoundWay@7403c468]" name="afterMethod" is-config="true" duration-ms="843" started-at="2021-08-17T09:28:39 IST" finished-at="2021-08-17T09:28:39 IST">
          <reporter-output>
          </reporter-output>
        </test-method> <!-- afterMethod -->
        <test-method status="PASS" signature="beforeMethod()[pri:0, instance:goibibo_login.RoundWay@7403c468]" name="beforeMethod" is-config="true" duration-ms="1351" started-at="2021-08-17T09:28:39 IST" finished-at="2021-08-17T09:28:41 IST">
          <reporter-output>
          </reporter-output>
        </test-method> <!-- beforeMethod -->
        <test-method status="PASS" signature="LoginTest(java.lang.String, java.lang.String)[pri:0, instance:goibibo_login.RoundWay@7403c468]" name="LoginTest" duration-ms="3129" started-at="2021-08-17T09:28:41 IST" data-provider="dp1" finished-at="2021-08-17T09:28:44 IST">
          <params>
            <param index="0">
              <value>
                <![CDATA[3]]>
              </value>
            </param>
            <param index="1">
              <value>
                <![CDATA[abcd]]>
              </value>
            </param>
          </params>
          <reporter-output>
          </reporter-output>
        </test-method> <!-- LoginTest -->
        <test-method status="PASS" signature="afterMethod()[pri:0, instance:goibibo_login.RoundWay@7403c468]" name="afterMethod" is-config="true" duration-ms="768" started-at="2021-08-17T09:28:44 IST" finished-at="2021-08-17T09:28:45 IST">
          <reporter-output>
          </reporter-output>
        </test-method> <!-- afterMethod -->
        <test-method status="PASS" signature="beforeMethod()[pri:0, instance:goibibo_login.RoundWay@7403c468]" name="beforeMethod" is-config="true" duration-ms="1352" started-at="2021-08-17T09:28:45 IST" finished-at="2021-08-17T09:28:46 IST">
          <reporter-output>
          </reporter-output>
        </test-method> <!-- beforeMethod -->
        <test-method status="PASS" signature="round(java.lang.String, java.lang.String, java.lang.String, java.lang.String, java.lang.String, java.lang.String, java.lang.String, java.lang.String)[pri:0, instance:goibibo_login.RoundWay@7403c468]" name="round" duration-ms="44296" started-at="2021-08-17T09:28:46 IST" data-provider="dp" finished-at="2021-08-17T09:29:30 IST">
          <params>
            <param index="0">
              <value>
                <![CDATA[1]]>
              </value>
            </param>
            <param index="1">
              <value>
                <![CDATA[Mumbai]]>
              </value>
            </param>
            <param index="2">
              <value>
                <![CDATA[Delhi]]>
              </value>
            </param>
            <param index="3">
              <value>
                <![CDATA[1]]>
              </value>
            </param>
            <param index="4">
              <value>
                <![CDATA[Aniruddha]]>
              </value>
            </param>
            <param index="5">
              <value>
                <![CDATA[Sawant]]>
              </value>
            </param>
            <param index="6">
              <value>
                <![CDATA[ani@gmail.com]]>
              </value>
            </param>
            <param index="7">
              <value>
                <![CDATA[9833896679]]>
              </value>
            </param>
          </params>
          <reporter-output>
          </reporter-output>
        </test-method> <!-- round -->
        <test-method status="PASS" signature="afterMethod()[pri:0, instance:goibibo_login.RoundWay@7403c468]" name="afterMethod" is-config="true" duration-ms="817" started-at="2021-08-17T09:29:30 IST" finished-at="2021-08-17T09:29:31 IST">
          <reporter-output>
          </reporter-output>
        </test-method> <!-- afterMethod -->
        <test-method status="PASS" signature="beforeMethod()[pri:0, instance:goibibo_login.RoundWay@7403c468]" name="beforeMethod" is-config="true" duration-ms="1368" started-at="2021-08-17T09:29:31 IST" finished-at="2021-08-17T09:29:33 IST">
          <reporter-output>
          </reporter-output>
        </test-method> <!-- beforeMethod -->
        <test-method status="PASS" signature="round(java.lang.String, java.lang.String, java.lang.String, java.lang.String, java.lang.String, java.lang.String, java.lang.String, java.lang.String)[pri:0, instance:goibibo_login.RoundWay@7403c468]" name="round" duration-ms="47143" started-at="2021-08-17T09:29:33 IST" data-provider="dp" finished-at="2021-08-17T09:30:20 IST">
          <params>
            <param index="0">
              <value>
                <![CDATA[2]]>
              </value>
            </param>
            <param index="1">
              <value>
                <![CDATA[Mumbai]]>
              </value>
            </param>
            <param index="2">
              <value>
                <![CDATA[Delhi]]>
              </value>
            </param>
            <param index="3">
              <value>
                <![CDATA[2]]>
              </value>
            </param>
            <param index="4">
              <value>
                <![CDATA[Aniruddha]]>
              </value>
            </param>
            <param index="5">
              <value>
                <![CDATA[526]]>
              </value>
            </param>
            <param index="6">
              <value>
                <![CDATA[ani@gmail.com]]>
              </value>
            </param>
            <param index="7">
              <value>
                <![CDATA[9833896679]]>
              </value>
            </param>
          </params>
          <reporter-output>
          </reporter-output>
        </test-method> <!-- round -->
        <test-method status="PASS" signature="afterMethod()[pri:0, instance:goibibo_login.RoundWay@7403c468]" name="afterMethod" is-config="true" duration-ms="869" started-at="2021-08-17T09:30:20 IST" finished-at="2021-08-17T09:30:21 IST">
          <reporter-output>
          </reporter-output>
        </test-method> <!-- afterMethod -->
        <test-method status="PASS" signature="beforeMethod()[pri:0, instance:goibibo_login.RoundWay@7403c468]" name="beforeMethod" is-config="true" duration-ms="1294" started-at="2021-08-17T09:30:21 IST" finished-at="2021-08-17T09:30:22 IST">
          <reporter-output>
          </reporter-output>
        </test-method> <!-- beforeMethod -->
        <test-method status="PASS" signature="round(java.lang.String, java.lang.String, java.lang.String, java.lang.String, java.lang.String, java.lang.String, java.lang.String, java.lang.String)[pri:0, instance:goibibo_login.RoundWay@7403c468]" name="round" duration-ms="44259" started-at="2021-08-17T09:30:22 IST" data-provider="dp" finished-at="2021-08-17T09:31:06 IST">
          <params>
            <param index="0">
              <value>
                <![CDATA[3]]>
              </value>
            </param>
            <param index="1">
              <value>
                <![CDATA[Mumbai]]>
              </value>
            </param>
            <param index="2">
              <value>
                <![CDATA[Delhi]]>
              </value>
            </param>
            <param index="3">
              <value>
                <![CDATA[2]]>
              </value>
            </param>
            <param index="4">
              <value>
                <![CDATA[Aniruddha]]>
              </value>
            </param>
            <param index="5">
              <value>
                <![CDATA[Sawant]]>
              </value>
            </param>
            <param index="6">
              <value>
                <![CDATA[ani@gmail.com]]>
              </value>
            </param>
            <param index="7">
              <value>
                <![CDATA[9833896679]]>
              </value>
            </param>
          </params>
          <reporter-output>
          </reporter-output>
        </test-method> <!-- round -->
        <test-method status="PASS" signature="afterMethod()[pri:0, instance:goibibo_login.RoundWay@7403c468]" name="afterMethod" is-config="true" duration-ms="796" started-at="2021-08-17T09:31:06 IST" finished-at="2021-08-17T09:31:07 IST">
          <reporter-output>
          </reporter-output>
        </test-method> <!-- afterMethod -->
        <test-method status="PASS" signature="beforeMethod()[pri:0, instance:goibibo_login.RoundWay@7403c468]" name="beforeMethod" is-config="true" duration-ms="1337" started-at="2021-08-17T09:31:07 IST" finished-at="2021-08-17T09:31:08 IST">
          <reporter-output>
          </reporter-output>
        </test-method> <!-- beforeMethod -->
        <test-method status="PASS" signature="round(java.lang.String, java.lang.String, java.lang.String, java.lang.String, java.lang.String, java.lang.String, java.lang.String, java.lang.String)[pri:0, instance:goibibo_login.RoundWay@7403c468]" name="round" duration-ms="47670" started-at="2021-08-17T09:31:08 IST" data-provider="dp" finished-at="2021-08-17T09:31:56 IST">
          <params>
            <param index="0">
              <value>
                <![CDATA[4]]>
              </value>
            </param>
            <param index="1">
              <value>
                <![CDATA[Mumbai]]>
              </value>
            </param>
            <param index="2">
              <value>
                <![CDATA[Delhi]]>
              </value>
            </param>
            <param index="3">
              <value>
                <![CDATA[3]]>
              </value>
            </param>
            <param index="4">
              <value>
                <![CDATA[584265]]>
              </value>
            </param>
            <param index="5">
              <value>
                <![CDATA[Sawant]]>
              </value>
            </param>
            <param index="6">
              <value>
                <![CDATA[ani@gmail.com]]>
              </value>
            </param>
            <param index="7">
              <value>
                <![CDATA[9833896679]]>
              </value>
            </param>
          </params>
          <reporter-output>
          </reporter-output>
        </test-method> <!-- round -->
        <test-method status="PASS" signature="afterMethod()[pri:0, instance:goibibo_login.RoundWay@7403c468]" name="afterMethod" is-config="true" duration-ms="810" started-at="2021-08-17T09:31:56 IST" finished-at="2021-08-17T09:31:57 IST">
          <reporter-output>
          </reporter-output>
        </test-method> <!-- afterMethod -->
        <test-method status="PASS" signature="beforeMethod()[pri:0, instance:goibibo_login.RoundWay@7403c468]" name="beforeMethod" is-config="true" duration-ms="1477" started-at="2021-08-17T09:31:57 IST" finished-at="2021-08-17T09:31:58 IST">
          <reporter-output>
          </reporter-output>
        </test-method> <!-- beforeMethod -->
        <test-method status="PASS" signature="round(java.lang.String, java.lang.String, java.lang.String, java.lang.String, java.lang.String, java.lang.String, java.lang.String, java.lang.String)[pri:0, instance:goibibo_login.RoundWay@7403c468]" name="round" duration-ms="47490" started-at="2021-08-17T09:31:58 IST" data-provider="dp" finished-at="2021-08-17T09:32:46 IST">
          <params>
            <param index="0">
              <value>
                <![CDATA[5]]>
              </value>
            </param>
            <param index="1">
              <value>
                <![CDATA[Mumbai]]>
              </value>
            </param>
            <param index="2">
              <value>
                <![CDATA[Delhi]]>
              </value>
            </param>
            <param index="3">
              <value>
                <![CDATA[1]]>
              </value>
            </param>
            <param index="4">
              <value>
                <![CDATA[               ]]>
              </value>
            </param>
            <param index="5">
              <value>
                <![CDATA[Sawant]]>
              </value>
            </param>
            <param index="6">
              <value>
                <![CDATA[ani@gmail.com]]>
              </value>
            </param>
            <param index="7">
              <value>
                <![CDATA[9833896679]]>
              </value>
            </param>
          </params>
          <reporter-output>
          </reporter-output>
        </test-method> <!-- round -->
        <test-method status="PASS" signature="afterMethod()[pri:0, instance:goibibo_login.RoundWay@7403c468]" name="afterMethod" is-config="true" duration-ms="828" started-at="2021-08-17T09:32:46 IST" finished-at="2021-08-17T09:32:47 IST">
          <reporter-output>
          </reporter-output>
        </test-method> <!-- afterMethod -->
        <test-method status="PASS" signature="afterClass()[pri:0, instance:goibibo_login.RoundWay@7403c468]" name="afterClass" is-config="true" duration-ms="0" started-at="2021-08-17T09:32:47 IST" finished-at="2021-08-17T09:32:47 IST">
          <reporter-output>
          </reporter-output>
        </test-method> <!-- afterClass -->
      </class> <!-- goibibo_login.RoundWay -->
    </test> <!-- Default test -->
  </suite> <!-- Default suite -->
</testng-results>
