<?xml version="1.0" encoding="UTF-8"?>
<!-- Generated by org.testng.reporters.JUnitXMLReporter -->
<testsuite hostname="LAPTOP-0NJ29RMJ" ignored="0" name="Default test" tests="8" failures="0" timestamp="2021-08-17T09:32:47 IST" time="285.083" errors="0">
  <testcase name="LoginTest" time="28.504" classname="goibibo_login.RoundWay"/>
  <testcase name="LoginTest" time="3.241" classname="goibibo_login.RoundWay"/>
  <testcase name="LoginTest" time="3.129" classname="goibibo_login.RoundWay"/>
  <testcase name="round" time="44.296" classname="goibibo_login.RoundWay"/>
  <testcase name="round" time="47.143" classname="goibibo_login.RoundWay"/>
  <testcase name="round" time="44.259" classname="goibibo_login.RoundWay"/>
  <testcase name="round" time="47.67" classname="goibibo_login.RoundWay"/>
  <testcase name="round" time="47.49" classname="goibibo_login.RoundWay"/>
</testsuite> <!-- Default test -->
